<?xml version="1.0" encoding="UTF-8"?>
<!-- Generated by org.testng.reporters.JUnitReportReporter -->
<testsuite skipped="0" hostname="valentyna" name="scripts.CarvanaSearchCarTest" tests="2" failures="0" timestamp="2023-02-06T12:22:20 CST" time="29.695" errors="0">
  <testcase name="validateSearchFilterOptionsAndSearchButton" time="9.075" classname="scripts.CarvanaSearchCarTest"/>
  <system-out/>
  <testcase name="validateSearchResultTiles" time="20.620" classname="scripts.CarvanaSearchCarTest"/>
  <system-out/>
</testsuite> <!-- scripts.CarvanaSearchCarTest -->
