<?xml version="1.0" encoding="UTF-8"?>
<!-- Generated by org.testng.reporters.JUnitReportReporter -->
<testsuite skipped="0" hostname="valentyna" name="scripts.CarvanaHomeTest" tests="4" failures="0" timestamp="2023-02-06T12:22:20 CST" time="21.545" errors="0">
  <testcase name="validateTitleAndURL" time="3.740" classname="scripts.CarvanaHomeTest"/>
  <system-out/>
  <testcase name="validateLogo" time="5.472" classname="scripts.CarvanaHomeTest"/>
  <system-out/>
  <testcase name="validateMainSelectionItems" time="7.152" classname="scripts.CarvanaHomeTest"/>
  <system-out/>
  <testcase name="validateSignInErrorMessage" time="5.181" classname="scripts.CarvanaHomeTest"/>
  <system-out/>
</testsuite> <!-- scripts.CarvanaHomeTest -->
